Change Component Designator: OldDesignator=* NewDesignator=*1
Added Component: Designator=B*1(BUZZER)
Add component. Clean all parameters for all variants
Added Pin To Net: NetName=5V Pin=B*1-1
Added Pin To Net: NetName=NetB*_2 Pin=B*1-2
Change Net Name : Old Net Name=Net*_1 New Net Name=Net*1_1
Change Net Name : Old Net Name=Net*_2 New Net Name=Net*1_2
Change Net Name : Old Net Name=Net*_24 New Net Name=Net*1_24
Change Net Name : Old Net Name=Net*_31 New Net Name=Net*1_31
Change Net Name : Old Net Name=Net*_32 New Net Name=Net*1_32
Change Net Name : Old Net Name=NetB*_2 New Net Name=NetB*1_2
Added Member To Class: ClassName=MCU Member=Component B*1 Buzzer
Added Room: Name=Blutooth
Added Room: Name=Decawave
Added Room: Name=MCU
Added Room: Name=Motor Control
Added Room: Name=Power_Supply
Added Room: Name=RF
Added Room: Name=Sensor
Added Room: Name=Wifi
